2024-06-24 08:02:08,158 [INFO] Activator:176 - 


2024-06-24 08:02:08,167 [INFO] Activator:177 - !SESSION log4j initialized
2024-06-24 08:02:12,301 [INFO] LogOutputStream:77 - [STDOUT_REDIRECT] 
2024-06-24 08:02:17,058 [INFO] ApplicationProperties:184 - Using Application install path: C:\ST\STM32CubeIDE_1.14.1\STM32CubeIDE\plugins\com.st.stm32cube.common.mx_6.11.1.202404110753
2024-06-24 08:02:17,082 [INFO] DbMcusXml:78 - Set database path to: C:\ST\STM32CubeIDE_1.14.1\STM32CubeIDE\plugins\com.st.stm32cube.common.mx_6.11.1.202404110753\\db\/mcu/
2024-06-24 08:02:17,082 [INFO] ApiDb:274 - Set plugin database path to: C:\ST\STM32CubeIDE_1.14.1\STM32CubeIDE\plugins\com.st.stm32cube.common.mx_6.11.1.202404110753\\db\/plugins/boardmanager/
2024-06-24 08:02:17,083 [WARN] ApiDb:259 - Overriding images path with different value:  => C:\ST\STM32CubeIDE_1.14.1\STM32CubeIDE\plugins\com.st.stm32cube.common.mx_6.11.1.202404110753\\db\/plugins/mcufinder/images/
2024-06-24 08:02:17,095 [INFO] ApiDb:250 - Set database path to: C:\Users\raphael.baumeler\.stmcufinder\plugins\mcufinder//mcu/
2024-06-24 08:02:17,097 [INFO] DbMcusAds:125 - Set database path to: C:\Users\raphael.baumeler\.stmcufinder\plugins\mcufinder//mcu/
2024-06-24 08:02:17,101 [INFO] CrossReferenceDbSqlite:203 - Set database path to: C:\Users\raphael.baumeler\.stmcufinder\plugins\mcufinder//mcu/cs/
2024-06-24 08:02:17,309 [INFO] RulesReader:64 - Compatibility file has been processed (297 Rules)
2024-06-24 08:02:17,462 [INFO] DbMcusXml:78 - Set database path to: C:\ST\STM32CubeIDE_1.14.1\STM32CubeIDE\plugins\com.st.stm32cube.common.mx_6.11.1.202404110753\\db\/mcu/
2024-06-24 08:02:17,462 [INFO] ApiDb:274 - Set plugin database path to: C:\ST\STM32CubeIDE_1.14.1\STM32CubeIDE\plugins\com.st.stm32cube.common.mx_6.11.1.202404110753\\db\/plugins/boardmanager/
2024-06-24 08:02:17,462 [INFO] ApiDb:261 - Set plugin images path to: C:\ST\STM32CubeIDE_1.14.1\STM32CubeIDE\plugins\com.st.stm32cube.common.mx_6.11.1.202404110753\\db\/plugins/mcufinder/images/
2024-06-24 08:02:17,463 [WARN] DbFile:41 - Overriding database path with different value: C:\Users\raphael.baumeler\.stmcufinder\plugins\mcufinder/ => C:\Users\raphael.baumeler\.stmcufinder\plugins\mcufinder
2024-06-24 08:02:17,463 [INFO] ApiDb:250 - Set database path to: C:\Users\raphael.baumeler\.stmcufinder\plugins\mcufinder//mcu/
2024-06-24 08:02:17,463 [WARN] DbFile:41 - Overriding database path with different value: C:\Users\raphael.baumeler\.stmcufinder\plugins\mcufinder/ => C:\Users\raphael.baumeler\.stmcufinder\plugins\mcufinder
2024-06-24 08:02:17,463 [INFO] DbMcusAds:125 - Set database path to: C:\Users\raphael.baumeler\.stmcufinder\plugins\mcufinder//mcu/
2024-06-24 08:02:17,463 [WARN] DbFile:41 - Overriding database path with different value: C:\Users\raphael.baumeler\.stmcufinder\plugins\mcufinder/ => C:\Users\raphael.baumeler\.stmcufinder\plugins\mcufinder
2024-06-24 08:02:17,463 [WARN] DbFile:41 - Overriding database path with different value: C:\Users\raphael.baumeler\.stmcufinder\plugins\mcufinder/ => C:\Users\raphael.baumeler\.stmcufinder\plugins\mcufinder
2024-06-24 08:02:17,464 [INFO] CrossReferenceDbSqlite:203 - Set database path to: C:\Users\raphael.baumeler\.stmcufinder\plugins\mcufinder//mcu/cs/
2024-06-24 08:02:17,607 [INFO] MainPanel:264 - HeapMemory: 268435456
2024-06-24 08:02:17,766 [INFO] DbMcusXml:78 - Set database path to: C:\ST\STM32CubeIDE_1.14.1\STM32CubeIDE\plugins\com.st.stm32cube.common.mx_6.11.1.202404110753\\db\/mcu/
2024-06-24 08:02:17,766 [INFO] ApiDb:274 - Set plugin database path to: C:\ST\STM32CubeIDE_1.14.1\STM32CubeIDE\plugins\com.st.stm32cube.common.mx_6.11.1.202404110753\\db\/plugins/boardmanager/
2024-06-24 08:02:17,766 [INFO] ApiDb:261 - Set plugin images path to: C:\ST\STM32CubeIDE_1.14.1\STM32CubeIDE\plugins\com.st.stm32cube.common.mx_6.11.1.202404110753\\db\/plugins/mcufinder/images/
2024-06-24 08:02:17,767 [WARN] DbFile:41 - Overriding database path with different value: C:\Users\raphael.baumeler\.stmcufinder\plugins\mcufinder/ => C:\Users\raphael.baumeler\.stmcufinder\plugins\mcufinder
2024-06-24 08:02:17,767 [INFO] ApiDb:250 - Set database path to: C:\Users\raphael.baumeler\.stmcufinder\plugins\mcufinder//mcu/
2024-06-24 08:02:17,767 [WARN] DbFile:41 - Overriding database path with different value: C:\Users\raphael.baumeler\.stmcufinder\plugins\mcufinder/ => C:\Users\raphael.baumeler\.stmcufinder\plugins\mcufinder
2024-06-24 08:02:17,767 [INFO] DbMcusAds:125 - Set database path to: C:\Users\raphael.baumeler\.stmcufinder\plugins\mcufinder//mcu/
2024-06-24 08:02:17,768 [WARN] DbFile:41 - Overriding database path with different value: C:\Users\raphael.baumeler\.stmcufinder\plugins\mcufinder/ => C:\Users\raphael.baumeler\.stmcufinder\plugins\mcufinder
2024-06-24 08:02:17,768 [WARN] DbFile:41 - Overriding database path with different value: C:\Users\raphael.baumeler\.stmcufinder\plugins\mcufinder/ => C:\Users\raphael.baumeler\.stmcufinder\plugins\mcufinder
2024-06-24 08:02:17,768 [INFO] CrossReferenceDbSqlite:203 - Set database path to: C:\Users\raphael.baumeler\.stmcufinder\plugins\mcufinder//mcu/cs/
2024-06-24 08:02:17,800 [INFO] ApplicationProperties:184 - Using Application install path: C:\ST\STM32CubeIDE_1.14.1\STM32CubeIDE\plugins\com.st.stm32cube.common.mx_6.11.1.202404110753
2024-06-24 08:02:17,803 [INFO] PluginManage:196 - Search for loadable plugins [exclusion list=, ]
2024-06-24 08:02:17,806 [INFO] PluginManage:310 - Check plugin analytics
2024-06-24 08:02:18,133 [INFO] AnalyticsPlugin:253 - Accepted Software Licenses: 
2024-06-24 08:02:18,134 [INFO] AnalyticsPlugin:255 - Accepted CMSIS Pack Licenses: 
2024-06-24 08:02:18,134 [INFO] AnalyticsPlugin:257 - Accepted Firmware Licenses: FW.G4.1.5.0
2024-06-24 08:02:18,139 [INFO] PluginManage:359 - Loaded plugin analytics (category:tool,tabindex:-1)
2024-06-24 08:02:18,139 [INFO] PluginManage:310 - Check plugin cadmodel
2024-06-24 08:02:18,171 [INFO] CADModel:105 - Init CAD model plugin
2024-06-24 08:02:18,171 [INFO] PluginManage:359 - Loaded plugin cadmodel (category:power,tabindex:5)
2024-06-24 08:02:18,171 [INFO] PluginManage:310 - Check plugin clock
2024-06-24 08:02:18,209 [INFO] PluginManage:359 - Loaded plugin clock (category:base,tabindex:2)
2024-06-24 08:02:18,209 [INFO] PluginManage:310 - Check plugin ddr
2024-06-24 08:02:18,213 [INFO] PluginManage:359 - Loaded plugin ddr (category:tool,tabindex:6)
2024-06-24 08:02:18,214 [INFO] PluginManage:310 - Check plugin filemanager
2024-06-24 08:02:18,451 [INFO] PluginManage:359 - Loaded plugin filemanager (category:base,tabindex:10)
2024-06-24 08:02:18,451 [INFO] PluginManage:310 - Check plugin ipmanager
2024-06-24 08:02:18,466 [INFO] PluginManage:359 - Loaded plugin ipmanager (category:base,tabindex:5)
2024-06-24 08:02:18,466 [INFO] PluginManage:310 - Check plugin lpbam
2024-06-24 08:02:18,497 [INFO] PluginManage:359 - Loaded plugin lpbam (category:base,tabindex:0)
2024-06-24 08:02:18,498 [INFO] PluginManage:310 - Check plugin memorymap
2024-06-24 08:02:18,534 [INFO] PluginManage:359 - Loaded plugin memorymap (category:base,tabindex:4)
2024-06-24 08:02:18,534 [INFO] PluginManage:310 - Check plugin pinoutandconfiguration
2024-06-24 08:02:18,566 [INFO] PluginManage:359 - Loaded plugin pinoutandconfiguration (category:base,tabindex:1)
2024-06-24 08:02:18,567 [INFO] PluginManage:310 - Check plugin pinoutconfig
2024-06-24 08:02:18,732 [WARN] SupportedApi:132 - Cannot load RTOS API schema: s4s-elt-must-match.1: The content of 'definitions' must match (annotation?, (simpleType | complexType)?, (unique | key | keyref)*)). A problem was found starting at: attribute.
2024-06-24 08:02:18,926 [INFO] PluginManage:359 - Loaded plugin pinoutconfig (category:base,tabindex:0)
2024-06-24 08:02:18,926 [INFO] PluginManage:310 - Check plugin power
2024-06-24 08:02:18,958 [INFO] PluginManage:359 - Loaded plugin power (category:power,tabindex:4)
2024-06-24 08:02:18,958 [INFO] PluginManage:310 - Check plugin projectmanager
2024-06-24 08:02:18,985 [INFO] PluginManage:359 - Loaded plugin projectmanager (category:projectmanager,tabindex:3)
2024-06-24 08:02:18,985 [INFO] PluginManage:310 - Check plugin thirdparty
2024-06-24 08:02:19,388 [INFO] PluginManage:359 - Loaded plugin thirdparty (category:base,tabindex:-1)
2024-06-24 08:02:19,388 [INFO] PluginManage:310 - Check plugin tools
2024-06-24 08:02:19,388 [WARN] IntegrityCheckThread:84 - waiting for thirdparty lock release [integrity check]
2024-06-24 08:02:19,389 [INFO] IntegrityCheckThread:86 - entering critical section [integrity check]
2024-06-24 08:02:19,389 [INFO] ThirdPartyUpdaterWithRetryManager:70 - Updater plugin not ready yet. [1/15]
2024-06-24 08:02:19,443 [INFO] PluginManage:359 - Loaded plugin tools (category:base,tabindex:7)
2024-06-24 08:02:19,443 [INFO] PluginManage:310 - Check plugin tutovideos
2024-06-24 08:02:19,718 [INFO] PluginManage:359 - Loaded plugin tutovideos (category:base,tabindex:-1)
2024-06-24 08:02:19,718 [INFO] PluginManage:310 - Check plugin updater
2024-06-24 08:02:19,733 [INFO] PluginManage:359 - Loaded plugin updater (category:base,tabindex:12)
2024-06-24 08:02:19,734 [INFO] PluginManage:310 - Check plugin userauth
2024-06-24 08:02:19,741 [INFO] UserAuth:114 - Init User Auth plugin
2024-06-24 08:02:19,742 [INFO] PluginManage:359 - Loaded plugin userauth (category:base,tabindex:14)
2024-06-24 08:02:19,742 [INFO] PluginManage:283 - PluginManage : Loaded plugins [17]
2024-06-24 08:02:20,123 [INFO] PinOutPanel:1561 - setPackage(No Configuration,No Configuration)
2024-06-24 08:02:20,244 [INFO] CADModel:165 - CPN selected for project level
2024-06-24 08:02:20,244 [INFO] CADModel:114 - Register for checkConnection events
2024-06-24 08:02:20,280 [INFO] IPUIPlugin:80 - create IPUIPlugin
2024-06-24 08:02:20,280 [INFO] PluginManager:220 - loadIPPluginJar : add adc
2024-06-24 08:02:20,335 [INFO] IPUIPlugin:80 - create IPUIPlugin
2024-06-24 08:02:20,335 [INFO] PluginManager:220 - loadIPPluginJar : add aes
2024-06-24 08:02:20,401 [INFO] IPUIPlugin:80 - create IPUIPlugin
2024-06-24 08:02:20,402 [INFO] PluginManager:220 - loadIPPluginJar : add can
2024-06-24 08:02:20,435 [INFO] IPUIPlugin:80 - create IPUIPlugin
2024-06-24 08:02:20,436 [INFO] PluginManager:220 - loadIPPluginJar : add comp
2024-06-24 08:02:20,493 [INFO] IPUIPlugin:80 - create IPUIPlugin
2024-06-24 08:02:20,493 [INFO] PluginManager:220 - loadIPPluginJar : add cryp
2024-06-24 08:02:20,551 [INFO] IPUIPlugin:80 - create IPUIPlugin
2024-06-24 08:02:20,551 [INFO] PluginManager:220 - loadIPPluginJar : add dfsdm
2024-06-24 08:02:20,570 [INFO] IPUIPlugin:80 - create IPUIPlugin
2024-06-24 08:02:20,571 [INFO] PluginManager:220 - loadIPPluginJar : add dma
2024-06-24 08:02:20,645 [INFO] IPUIPlugin:80 - create IPUIPlugin
2024-06-24 08:02:20,645 [INFO] PluginManager:220 - loadIPPluginJar : add dma3
2024-06-24 08:02:20,720 [INFO] IPUIPlugin:80 - create IPUIPlugin
2024-06-24 08:02:20,720 [INFO] PluginManager:220 - loadIPPluginJar : add extmemmanager
2024-06-24 08:02:20,754 [INFO] IPUIPlugin:80 - create IPUIPlugin
2024-06-24 08:02:20,754 [INFO] PluginManager:220 - loadIPPluginJar : add fatfs
2024-06-24 08:02:20,857 [INFO] IPUIPlugin:80 - create IPUIPlugin
2024-06-24 08:02:20,857 [INFO] PluginManager:220 - loadIPPluginJar : add fmc
2024-06-24 08:02:20,889 [INFO] IPUIPlugin:80 - create IPUIPlugin
2024-06-24 08:02:20,890 [INFO] PluginManager:220 - loadIPPluginJar : add freertos
2024-06-24 08:02:20,928 [INFO] IPUIPlugin:80 - create IPUIPlugin
2024-06-24 08:02:20,929 [INFO] PluginManager:220 - loadIPPluginJar : add genericplugin
2024-06-24 08:02:21,175 [INFO] IPUIPlugin:80 - create IPUIPlugin
2024-06-24 08:02:21,176 [INFO] PluginManager:220 - loadIPPluginJar : add gfxmmu
2024-06-24 08:02:21,561 [INFO] IPUIPlugin:80 - create IPUIPlugin
2024-06-24 08:02:21,562 [INFO] PluginManager:220 - loadIPPluginJar : add gic
2024-06-24 08:02:21,591 [INFO] IPUIPlugin:80 - create IPUIPlugin
2024-06-24 08:02:21,592 [INFO] PluginManager:220 - loadIPPluginJar : add gpio
2024-06-24 08:02:21,871 [INFO] IPUIPlugin:80 - create IPUIPlugin
2024-06-24 08:02:21,872 [INFO] PluginManager:220 - loadIPPluginJar : add gtzc
2024-06-24 08:02:21,966 [INFO] IPUIPlugin:80 - create IPUIPlugin
2024-06-24 08:02:21,966 [INFO] PluginManager:220 - loadIPPluginJar : add hash
2024-06-24 08:02:22,118 [INFO] IPUIPlugin:80 - create IPUIPlugin
2024-06-24 08:02:22,118 [INFO] PluginManager:220 - loadIPPluginJar : add i2c
2024-06-24 08:02:22,219 [INFO] IPUIPlugin:80 - create IPUIPlugin
2024-06-24 08:02:22,219 [INFO] PluginManager:220 - loadIPPluginJar : add i2s
2024-06-24 08:02:22,326 [INFO] IPUIPlugin:80 - create IPUIPlugin
2024-06-24 08:02:22,326 [INFO] PluginManager:220 - loadIPPluginJar : add i3c
2024-06-24 08:02:22,391 [INFO] ThirdPartyUpdaterWithRetryManager:70 - Updater plugin not ready yet. [2/15]
2024-06-24 08:02:22,528 [INFO] IPUIPlugin:80 - create IPUIPlugin
2024-06-24 08:02:22,529 [INFO] PluginManager:220 - loadIPPluginJar : add ipddr
2024-06-24 08:02:22,689 [INFO] IPUIPlugin:80 - create IPUIPlugin
2024-06-24 08:02:22,690 [INFO] PluginManager:220 - loadIPPluginJar : add linkedlist
2024-06-24 08:02:22,752 [INFO] IPUIPlugin:80 - create IPUIPlugin
2024-06-24 08:02:22,752 [INFO] PluginManager:220 - loadIPPluginJar : add lorawan
2024-06-24 08:02:22,816 [INFO] IPUIPlugin:80 - create IPUIPlugin
2024-06-24 08:02:22,816 [INFO] PluginManager:220 - loadIPPluginJar : add ltdc
2024-06-24 08:02:22,843 [INFO] IPUIPlugin:80 - create IPUIPlugin
2024-06-24 08:02:22,843 [INFO] PluginManager:220 - loadIPPluginJar : add mdma
2024-06-24 08:02:22,862 [INFO] IPUIPlugin:80 - create IPUIPlugin
2024-06-24 08:02:22,862 [INFO] PluginManager:220 - loadIPPluginJar : add nvic
2024-06-24 08:02:22,919 [INFO] IPUIPlugin:80 - create IPUIPlugin
2024-06-24 08:02:22,919 [INFO] PluginManager:220 - loadIPPluginJar : add opamp
2024-06-24 08:02:23,034 [INFO] IPUIPlugin:80 - create IPUIPlugin
2024-06-24 08:02:23,034 [INFO] PluginManager:220 - loadIPPluginJar : add openamp
2024-06-24 08:02:23,110 [INFO] IPUIPlugin:80 - create IPUIPlugin
2024-06-24 08:02:23,110 [INFO] PluginManager:220 - loadIPPluginJar : add pdm2pcm
2024-06-24 08:02:23,132 [INFO] IPUIPlugin:80 - create IPUIPlugin
2024-06-24 08:02:23,137 [INFO] PluginManager:220 - loadIPPluginJar : add plateformsettings
2024-06-24 08:02:23,173 [INFO] IPUIPlugin:80 - create IPUIPlugin
2024-06-24 08:02:23,173 [INFO] PluginManager:220 - loadIPPluginJar : add quadspi
2024-06-24 08:02:23,191 [INFO] IPUIPlugin:80 - create IPUIPlugin
2024-06-24 08:02:23,191 [INFO] PluginManager:220 - loadIPPluginJar : add resmgrutility
2024-06-24 08:02:23,268 [INFO] IPUIPlugin:80 - create IPUIPlugin
2024-06-24 08:02:23,268 [INFO] PluginManager:220 - loadIPPluginJar : add sai
2024-06-24 08:02:23,326 [INFO] IPUIPlugin:80 - create IPUIPlugin
2024-06-24 08:02:23,326 [INFO] PluginManager:220 - loadIPPluginJar : add spi
2024-06-24 08:02:23,437 [INFO] IPUIPlugin:80 - create IPUIPlugin
2024-06-24 08:02:23,437 [INFO] PluginManager:220 - loadIPPluginJar : add stm32_wpan
2024-06-24 08:02:23,478 [INFO] IPUIPlugin:80 - create IPUIPlugin
2024-06-24 08:02:23,478 [INFO] PluginManager:220 - loadIPPluginJar : add tim
2024-06-24 08:02:23,599 [INFO] IPUIPlugin:80 - create IPUIPlugin
2024-06-24 08:02:23,599 [INFO] PluginManager:220 - loadIPPluginJar : add touchsensing
2024-06-24 08:02:23,651 [INFO] IPUIPlugin:80 - create IPUIPlugin
2024-06-24 08:02:23,651 [INFO] PluginManager:220 - loadIPPluginJar : add tracer_emb
2024-06-24 08:02:23,701 [INFO] IPUIPlugin:80 - create IPUIPlugin
2024-06-24 08:02:23,701 [INFO] PluginManager:220 - loadIPPluginJar : add ts
2024-06-24 08:02:23,761 [INFO] IPUIPlugin:80 - create IPUIPlugin
2024-06-24 08:02:23,762 [INFO] PluginManager:220 - loadIPPluginJar : add tsc
2024-06-24 08:02:23,813 [INFO] IPUIPlugin:80 - create IPUIPlugin
2024-06-24 08:02:23,813 [INFO] PluginManager:220 - loadIPPluginJar : add ucpd
2024-06-24 08:02:23,935 [INFO] IPUIPlugin:80 - create IPUIPlugin
2024-06-24 08:02:23,936 [INFO] PluginManager:220 - loadIPPluginJar : add usart
2024-06-24 08:02:24,060 [INFO] IPUIPlugin:80 - create IPUIPlugin
2024-06-24 08:02:24,061 [INFO] PluginManager:220 - loadIPPluginJar : add usbx
2024-06-24 08:02:24,371 [INFO] CADModel:165 - CPN selected for project level
2024-06-24 08:02:24,372 [INFO] CADModel:114 - Register for checkConnection events
2024-06-24 08:02:24,373 [FATAL] Updater:308 - Updater called before beeing initialized
2024-06-24 08:02:24,373 [ERROR] CADModel:125 - Updater not yet initialized, retry later 
2024-06-24 08:02:24,632 [INFO] CADModel:165 - CPN selected for project level
2024-06-24 08:02:24,632 [INFO] CADModel:114 - Register for checkConnection events
2024-06-24 08:02:24,632 [FATAL] Updater:308 - Updater called before beeing initialized
2024-06-24 08:02:24,633 [ERROR] CADModel:125 - Updater not yet initialized, retry later 
2024-06-24 08:02:24,639 [FATAL] Updater:308 - Updater called before beeing initialized
2024-06-24 08:02:24,854 [FATAL] Updater:308 - Updater called before beeing initialized
2024-06-24 08:02:24,875 [INFO] DbMcusAds:53 - JSON generation date=Thu May 16 11:22:00 CEST 2024 (1715851320852)
2024-06-24 08:02:24,876 [FATAL] Updater:308 - Updater called before beeing initialized
2024-06-24 08:02:24,949 [WARN] DetailPanel:346 - Failed to get advertising image, set to default
2024-06-24 08:02:25,105 [FATAL] Updater:308 - Updater called before beeing initialized
2024-06-24 08:02:25,108 [FATAL] Updater:308 - Updater called before beeing initialized
2024-06-24 08:02:25,108 [FATAL] Updater:308 - Updater called before beeing initialized
2024-06-24 08:02:25,109 [WARN] DetailPanel:346 - Failed to get advertising image, set to default
2024-06-24 08:02:25,110 [FATAL] Updater:308 - Updater called before beeing initialized
2024-06-24 08:02:25,223 [ERROR] Updater:1120 - MainUpdater not yet initialized. External WinMGr cannot be set.
2024-06-24 08:02:25,238 [INFO] Updater:1056 - Updater Version found : 6.11.1
2024-06-24 08:02:25,263 [INFO] ApplicationProperties:184 - Using Application install path: C:\ST\STM32CubeIDE_1.14.1\STM32CubeIDE\plugins\com.st.stm32cube.common.mx_6.11.1.202404110753
2024-06-24 08:02:25,393 [INFO] ThirdPartyUpdaterWithRetryManager:70 - Updater plugin not ready yet. [3/15]
2024-06-24 08:02:25,805 [INFO] MainUpdater:2873 - connection check result : 10
2024-06-24 08:02:25,806 [INFO] MainUpdater:3567 - Updater definition file requires update
2024-06-24 08:02:25,807 [INFO] MainUpdater:290 - Updater Check For Update Now.
2024-06-24 08:02:25,807 [INFO] MicroXplorer:498 - Change Database Version : DB.6.0.111
2024-06-24 08:02:25,833 [INFO] McuFinderGlobals:63 - Set McuFinder mode to 2 (CubeIDE integrated)
2024-06-24 08:02:25,848 [INFO] UserAuth:415 - Internet connection configuration mode: 1
2024-06-24 08:02:25,880 [INFO] JxBrowserEngine:152 - Initiate JxBrowser Engine with user profile folder
2024-06-24 08:02:25,912 [INFO] ServerAccessManage:473 - Download File updaters.zip
2024-06-24 08:02:26,033 [INFO] FileExtend:240 - Unzip File : updaters.zip
2024-06-24 08:02:26,033 [INFO] FileExtend:255 - Standard Zip Deflate
2024-06-24 08:02:26,813 [INFO] ServerAccessManage:473 - Download File PacksControlFlags.xml
2024-06-24 08:02:27,028 [INFO] ServerAccessManage:473 - Download File cubemx.pidx
2024-06-24 08:02:27,241 [INFO] LoadServerUpdatesThread:375 - End of LoadServerUpdate Thread
2024-06-24 08:02:27,551 [INFO] CheckServerUpdateThread:120 - End of CheckServer Thread
2024-06-24 08:02:28,819 [WARN] PackLoader:240 - Cannot read IP mode file for STMicroelectronics.FP-SNS-MOTENVWB1.1.4.0
2024-06-24 08:02:28,852 [WARN] PackLoader:240 - Cannot read IP mode file for STMicroelectronics.X-CUBE-SMBUS.2.1.0
2024-06-24 08:02:28,879 [WARN] PackLoader:240 - Cannot read IP mode file for STMicroelectronics.X-CUBE-TOUCHGFX.4.23.0
2024-06-24 08:02:28,902 [WARN] PackLoader:240 - Cannot read IP mode file for STMicroelectronics.X-CUBE-TOUCHGFX.4.23.2
2024-06-24 08:02:28,979 [WARN] PackLoader:240 - Cannot read IP mode file for STMicroelectronics.X-CUBE-AZRTOS-F7.1.1.0
2024-06-24 08:02:29,017 [WARN] PackLoader:240 - Cannot read IP mode file for STMicroelectronics.FP-SNS-MOTENV1.4.3.2
2024-06-24 08:02:29,054 [WARN] PackLoader:240 - Cannot read IP mode file for STMicroelectronics.X-CUBE-BLE1.6.2.3
2024-06-24 08:02:29,081 [WARN] PackLoader:240 - Cannot read IP mode file for STMicroelectronics.X-CUBE-BLE1.6.2.4
2024-06-24 08:02:29,105 [WARN] PackLoader:240 - Cannot read IP mode file for STMicroelectronics.FP-SNS-FLIGHT1.5.0.2
2024-06-24 08:02:29,145 [WARN] PackLoader:240 - Cannot read IP mode file for STMicroelectronics.X-CUBE-TOF1.3.1.0
2024-06-24 08:02:29,190 [WARN] PackLoader:240 - Cannot read IP mode file for STMicroelectronics.X-CUBE-DISPLAY.3.0.0
2024-06-24 08:02:29,226 [WARN] PackLoader:240 - Cannot read IP mode file for STMicroelectronics.X-CUBE-BLE1.7.0.0
2024-06-24 08:02:29,360 [WARN] PackLoader:240 - Cannot read IP mode file for STMicroelectronics.X-CUBE-MEMS1.9.3.0
2024-06-24 08:02:30,113 [WARN] PackLoader:240 - Cannot read IP mode file for STMicroelectronics.X-CUBE-AI.7.2.0
2024-06-24 08:02:30,147 [WARN] PackLoader:240 - Cannot read IP mode file for STMicroelectronics.X-CUBE-BLEMGR.3.1.0
2024-06-24 08:02:30,174 [WARN] PackLoader:240 - Cannot read IP mode file for STMicroelectronics.FP-SNS-SMARTAG2.1.2.0
2024-06-24 08:02:30,210 [INFO] LogOutputStream:77 - [STDOUT_REDIRECT] 1 : Invalid condition id : UX_CORESTACK_Condition cause : null
2024-06-24 08:02:30,211 [INFO] LogOutputStream:77 - [STDOUT_REDIRECT] 1 : Invalid condition id : UX_CORESTACK_Condition cause : null
2024-06-24 08:02:30,213 [INFO] LogOutputStream:77 - [STDOUT_REDIRECT] 1 : Invalid condition id : UX_CORESTACK_Condition cause : null
2024-06-24 08:02:30,216 [INFO] LogOutputStream:77 - [STDOUT_REDIRECT] 1 : Invalid condition id : UX_CORESTACK_Condition cause : null
2024-06-24 08:02:30,219 [INFO] LogOutputStream:77 - [STDOUT_REDIRECT] 1 : Invalid condition id : UX_CORESTACK_Condition cause : null
2024-06-24 08:02:30,227 [WARN] PackLoader:240 - Cannot read IP mode file for STMicroelectronics.X-CUBE-AZRTOS-WL.2.0.0
2024-06-24 08:02:30,251 [WARN] PackLoader:240 - Cannot read IP mode file for STMicroelectronics.FP-SNS-MOTENV1.5.0.0
2024-06-24 08:02:30,280 [WARN] PackLoader:240 - Cannot read IP mode file for WES.I-CUBE-Cesium.1.3.0
2024-06-24 08:02:30,304 [WARN] PackLoader:240 - Cannot read IP mode file for STMicroelectronics.X-CUBE-BLE2.3.3.0
2024-06-24 08:02:30,327 [WARN] PackLoader:240 - Cannot read IP mode file for STMicroelectronics.X-CUBE-DISPLAY.2.2.0
2024-06-24 08:02:30,364 [WARN] PackLoader:240 - Cannot read IP mode file for STMicroelectronics.X-CUBE-TOF1.3.2.0
2024-06-24 08:02:30,390 [WARN] PackLoader:240 - Cannot read IP mode file for STMicroelectronics.X-CUBE-ISPU.1.0.0
2024-06-24 08:02:30,441 [WARN] PackLoader:240 - Cannot read IP mode file for STMicroelectronics.X-CUBE-AZRTOS-H7.2.1.0
2024-06-24 08:02:30,469 [WARN] PackLoader:240 - Cannot read IP mode file for STMicroelectronics.X-CUBE-TCPP.4.1.0
2024-06-24 08:02:30,490 [WARN] PackLoader:240 - Cannot read IP mode file for STMicroelectronics.X-CUBE-TOUCHGFX.4.21.1
2024-06-24 08:02:30,510 [WARN] PackLoader:240 - Cannot read IP mode file for STMicroelectronics.X-CUBE-TOUCHGFX.4.21.0
2024-06-24 08:02:30,612 [WARN] PackLoader:240 - Cannot read IP mode file for STMicroelectronics.X-CUBE-MEMS1.9.4.0
2024-06-24 08:02:31,160 [WARN] PackLoader:240 - Cannot read IP mode file for STMicroelectronics.X-CUBE-AI.7.3.0
2024-06-24 08:02:31,182 [WARN] PackLoader:240 - Cannot read IP mode file for STMicroelectronics.X-CUBE-ALGOBUILD.1.3.0
2024-06-24 08:02:31,237 [WARN] PackLoader:240 - Cannot read IP mode file for STMicroelectronics.X-CUBE-AZRTOS-G0.1.1.0
2024-06-24 08:02:31,267 [WARN] PackLoader:240 - Cannot read IP mode file for STMicroelectronics.X-CUBE-SAFEA1.1.2.2
2024-06-24 08:02:31,292 [WARN] PackLoader:240 - Cannot read IP mode file for STMicroelectronics.X-CUBE-NFC4.3.0.0
2024-06-24 08:02:31,366 [WARN] PackLoader:240 - Cannot read IP mode file for SEGGER.I-CUBE-embOS.1.2.0
2024-06-24 08:02:31,436 [WARN] PackLoader:240 - Cannot read IP mode file for wolfSSL.I-CUBE-wolfMQTT.1.18.0
2024-06-24 08:02:31,463 [WARN] PackLoader:240 - Cannot read IP mode file for STMicroelectronics.X-CUBE-BLEMGR.1.3.0
2024-06-24 08:02:31,489 [WARN] PackLoader:240 - Cannot read IP mode file for STMicroelectronics.FP-ATR-SIGFOX1.3.2.0
2024-06-24 08:02:31,514 [WARN] PackLoader:240 - Cannot read IP mode file for STMicroelectronics.X-CUBE-EEPRMA1.5.1.0
2024-06-24 08:02:31,540 [WARN] PackLoader:240 - Cannot read IP mode file for emotas.I-CUBE-CANOPEN.1.1.2
2024-06-24 08:02:31,558 [WARN] PackLoader:240 - Cannot read IP mode file for STMicroelectronics.X-CUBE-TOUCHGFX.4.20.0
2024-06-24 08:02:31,625 [WARN] PackLoader:240 - Cannot read IP mode file for SEGGER.I-CUBE-embOS.1.3.1
2024-06-24 08:02:31,717 [WARN] PackLoader:240 - Cannot read IP mode file for STMicroelectronics.X-CUBE-ALGOBUILD.1.4.0
2024-06-24 08:02:31,744 [WARN] PackLoader:240 - Cannot read IP mode file for STMicroelectronics.X-CUBE-GNSS1.6.0.0
2024-06-24 08:02:31,802 [WARN] PackLoader:240 - Cannot read IP mode file for STMicroelectronics.X-CUBE-AZRTOS-F4.1.1.0
2024-06-24 08:02:31,831 [WARN] PackLoader:240 - Cannot read IP mode file for STMicroelectronics.X-CUBE-FREERTOS.1.2.0
2024-06-24 08:02:31,883 [WARN] PackLoader:240 - Cannot read IP mode file for STMicroelectronics.X-CUBE-AZRTOS-L5.2.0.0
2024-06-24 08:02:31,917 [WARN] PackLoader:240 - Cannot read IP mode file for STMicroelectronics.X-CUBE-NFC6.3.1.0
2024-06-24 08:02:31,946 [WARN] PackLoader:240 - Cannot read IP mode file for ITTIA_DB.I-CUBE-ITTIADB.8.8.0
2024-06-24 08:02:31,968 [WARN] PackLoader:240 - Cannot read IP mode file for STMicroelectronics.X-CUBE-NFC4.2.0.5
2024-06-24 08:02:31,992 [WARN] PackLoader:240 - Cannot read IP mode file for STMicroelectronics.X-CUBE-NFC4.2.0.4
2024-06-24 08:02:32,014 [WARN] PackLoader:240 - Cannot read IP mode file for STMicroelectronics.X-CUBE-AI.9.0.0
2024-06-24 08:02:32,034 [WARN] PackLoader:240 - Cannot read IP mode file for wolfSSL.I-CUBE-wolfSSL.5.5.0
2024-06-24 08:02:32,060 [WARN] PackLoader:240 - Cannot read IP mode file for STMicroelectronics.X-CUBE-NFC7.1.0.1
2024-06-24 08:02:32,087 [WARN] PackLoader:240 - Cannot read IP mode file for STMicroelectronics.X-CUBE-NFC7.1.0.0
2024-06-24 08:02:32,118 [WARN] PackLoader:240 - Cannot read IP mode file for STMicroelectronics.X-CUBE-NFC6.3.0.0
2024-06-24 08:02:32,146 [WARN] PackLoader:240 - Cannot read IP mode file for STMicroelectronics.X-CUBE-EEPRMA1.4.1.0
2024-06-24 08:02:32,170 [WARN] PackLoader:240 - Cannot read IP mode file for STMicroelectronics.X-CUBE-AI.8.1.0
2024-06-24 08:02:32,226 [WARN] ConditionMgr:438 - getConditionDescription Invalid condition id : LAN8742 Phy interface Condition cause : null
2024-06-24 08:02:32,228 [WARN] PackLoader:240 - Cannot read IP mode file for STMicroelectronics.X-CUBE-AZRTOS-L4.2.0.0
2024-06-24 08:02:32,230 [WARN] ConditionMgr:1039 - genDependencies : Invalid condition id : LAN8742 Phy interface Condition cause : null
2024-06-24 08:02:32,231 [WARN] ConditionMgr:1039 - genDependencies : Invalid condition id : LAN8742 Phy interface Condition cause : null
2024-06-24 08:02:32,232 [WARN] ConditionMgr:1039 - genDependencies : Invalid condition id : LAN8742 Phy interface Condition cause : null
2024-06-24 08:02:32,261 [WARN] PackLoader:240 - Cannot read IP mode file for STMicroelectronics.X-CUBE-SFXS2LP1.4.0.0
2024-06-24 08:02:32,326 [WARN] PackLoader:240 - Cannot read IP mode file for STMicroelectronics.X-CUBE-AZRTOS-H7.3.0.0
2024-06-24 08:02:32,353 [WARN] PackLoader:240 - Cannot read IP mode file for STMicroelectronics.X-CUBE-ISPU.1.1.0
2024-06-24 08:02:32,382 [WARN] PackLoader:240 - Cannot read IP mode file for RoweBots.I-CUBE-UNISONRTOS.5.5.0-4
2024-06-24 08:02:32,427 [WARN] ConditionMgr:438 - getConditionDescription Invalid condition id : UX DEVICE CLASS RTOS Condition cause : null
2024-06-24 08:02:32,428 [WARN] ConditionMgr:438 - getConditionDescription Invalid condition id : UX DEVICE CLASS RTOS Condition cause : null
2024-06-24 08:02:32,432 [WARN] PackLoader:240 - Cannot read IP mode file for STMicroelectronics.X-CUBE-AZRTOS-WB.2.0.0
2024-06-24 08:02:32,433 [WARN] ConditionMgr:1039 - genDependencies : Invalid condition id : UX DEVICE CLASS RTOS Condition cause : null
2024-06-24 08:02:32,433 [WARN] ConditionMgr:1039 - genDependencies : Invalid condition id : UX DEVICE CLASS RTOS Condition cause : null
2024-06-24 08:02:32,434 [WARN] ConditionMgr:1039 - genDependencies : Invalid condition id : UX DEVICE CLASS RTOS Condition cause : null
2024-06-24 08:02:32,435 [WARN] ConditionMgr:1039 - genDependencies : Invalid condition id : UX DEVICE CLASS RTOS Condition cause : null
2024-06-24 08:02:32,435 [WARN] ConditionMgr:1039 - genDependencies : Invalid condition id : UX DEVICE CLASS RTOS Condition cause : null
2024-06-24 08:02:32,464 [WARN] PackLoader:240 - Cannot read IP mode file for STMicroelectronics.X-CUBE-BLEMGR.1.0.0
2024-06-24 08:02:32,515 [WARN] PackLoader:240 - Cannot read IP mode file for STMicroelectronics.X-CUBE-AZRTOS-L5.1.1.0
2024-06-24 08:02:32,556 [WARN] PackLoader:240 - Cannot read IP mode file for STMicroelectronics.X-CUBE-SUBG2.5.0.0
2024-06-24 08:02:32,611 [WARN] PackLoader:240 - Cannot read IP mode file for STMicroelectronics.X-CUBE-AZRTOS-G4.2.0.0
2024-06-24 08:02:32,636 [WARN] PackLoader:240 - Cannot read IP mode file for STMicroelectronics.FP-ATR-ASTRA1.1.1.1
2024-06-24 08:02:32,680 [WARN] PackLoader:240 - Cannot read IP mode file for Infineon.AIROC-Wi-Fi-Bluetooth-STM32.1.5.1
2024-06-24 08:02:32,709 [WARN] PackLoader:240 - Cannot read IP mode file for STMicroelectronics.FP-SNS-MOTENVWB1.1.3.1
2024-06-24 08:02:32,752 [WARN] PackLoader:240 - Cannot read IP mode file for STMicroelectronics.X-CUBE-AZRTOS-G4.1.0.0
2024-06-24 08:02:32,807 [WARN] PackLoader:240 - Cannot read IP mode file for STMicroelectronics.X-CUBE-AZRTOS-L4.1.0.0
2024-06-24 08:02:32,835 [WARN] PackLoader:240 - Cannot read IP mode file for STMicroelectronics.X-CUBE-ISPU.2.0.0
2024-06-24 08:02:32,861 [WARN] PackLoader:240 - Cannot read IP mode file for STMicroelectronics.X-CUBE-ALS.1.0.2
2024-06-24 08:02:32,975 [WARN] PackLoader:240 - Cannot read IP mode file for STMicroelectronics.X-CUBE-MEMS1.10.0.0
2024-06-24 08:02:33,237 [WARN] PackLoader:240 - Cannot read IP mode file for STMicroelectronics.X-CUBE-FREERTOS.1.1.0
2024-06-24 08:02:33,280 [WARN] PackLoader:240 - Cannot read IP mode file for STMicroelectronics.X-CUBE-AZRTOS-WL.1.0.0
2024-06-24 08:02:33,312 [WARN] PackLoader:240 - Cannot read IP mode file for portGmbH.I-Cube-SoM-uGOAL.1.1.0
2024-06-24 08:02:33,338 [WARN] PackLoader:240 - Cannot read IP mode file for STMicroelectronics.X-CUBE-ALS.1.0.1
2024-06-24 08:02:33,383 [WARN] PackLoader:240 - Cannot read IP mode file for STMicroelectronics.X-CUBE-AZRTOS-WB.1.1.0
2024-06-24 08:02:33,438 [WARN] PackLoader:240 - Cannot read IP mode file for STMicroelectronics.X-CUBE-AZRTOS-L5.1.0.0
2024-06-24 08:02:33,465 [WARN] PackLoader:240 - Cannot read IP mode file for STMicroelectronics.X-CUBE-EEPRMA1.3.1.1
2024-06-24 08:02:33,524 [WARN] PackLoader:240 - Cannot read IP mode file for STMicroelectronics.X-CUBE-AZRTOS-H7RS.1.0.0
2024-06-24 08:02:33,555 [WARN] PackLoader:240 - Cannot read IP mode file for STMicroelectronics.FP-ATR-ASTRA1.2.0.0
2024-06-24 08:02:33,594 [WARN] PackLoader:240 - Cannot read IP mode file for STMicroelectronics.X-CUBE-TOF1.3.4.1
2024-06-24 08:02:33,675 [WARN] PackLoader:240 - Cannot read IP mode file for STMicroelectronics.X-CUBE-AZRTOS-H7.3.2.0
2024-06-24 08:02:33,681 [INFO] ThirdParty:978 - Integrity check success = true
2024-06-24 08:02:33,682 [INFO] IntegrityCheckThread:100 - exiting critical section [integrity check]
2024-06-24 08:02:33,682 [INFO] IntegrityCheckThread:103 - End integrity checks thread
2024-06-24 08:02:36,330 [INFO] WebApp:161 - Instantiating new browser for Auth
2024-06-24 08:02:37,927 [INFO] WebApp:779 - Register for checkConnection events
2024-06-24 08:02:37,928 [INFO] WebApp:414 - Apply proxy settings
2024-06-24 08:02:37,928 [INFO] WebApp:499 - Chromium requires no authentication
2024-06-24 08:02:37,951 [INFO] WebApp:442 - Direct internet connection detected
2024-06-24 08:02:38,328 [INFO] WebApp:192 - Starting web application
2024-06-24 08:02:38,328 [INFO] WebApp:544 - Web application path used C:\ST\STM32CubeIDE_1.14.1\STM32CubeIDE\plugins\com.st.stm32cube.common.mx_6.11.1.202404110753\db\plugins\mcufinder\reactClient1\index.html
