2024-05-13 17:09:58,244 [INFO] Activator:176 - 


2024-05-13 17:09:58,244 [INFO] Activator:177 - !SESSION log4j initialized
2024-05-13 17:10:01,811 [INFO] LogOutputStream:77 - [STDOUT_REDIRECT] 
2024-05-13 17:10:06,813 [INFO] ApplicationProperties:184 - Using Application install path: C:\ST\STM32CubeIDE_1.14.1\STM32CubeIDE\plugins\com.st.stm32cube.common.mx_6.11.1.202404110753
2024-05-13 17:10:06,836 [INFO] DbMcusXml:78 - Set database path to: C:\ST\STM32CubeIDE_1.14.1\STM32CubeIDE\plugins\com.st.stm32cube.common.mx_6.11.1.202404110753\\db\/mcu/
2024-05-13 17:10:06,836 [INFO] ApiDb:274 - Set plugin database path to: C:\ST\STM32CubeIDE_1.14.1\STM32CubeIDE\plugins\com.st.stm32cube.common.mx_6.11.1.202404110753\\db\/plugins/boardmanager/
2024-05-13 17:10:06,837 [WARN] ApiDb:259 - Overriding images path with different value:  => C:\ST\STM32CubeIDE_1.14.1\STM32CubeIDE\plugins\com.st.stm32cube.common.mx_6.11.1.202404110753\\db\/plugins/mcufinder/images/
2024-05-13 17:10:06,845 [INFO] ApiDb:250 - Set database path to: C:\Users\raphael.baumeler\.stmcufinder\plugins\mcufinder//mcu/
2024-05-13 17:10:06,846 [INFO] DbMcusAds:125 - Set database path to: C:\Users\raphael.baumeler\.stmcufinder\plugins\mcufinder//mcu/
2024-05-13 17:10:06,849 [INFO] CrossReferenceDbSqlite:203 - Set database path to: C:\Users\raphael.baumeler\.stmcufinder\plugins\mcufinder//mcu/cs/
2024-05-13 17:10:07,036 [INFO] RulesReader:64 - Compatibility file has been processed (297 Rules)
2024-05-13 17:10:07,176 [INFO] DbMcusXml:78 - Set database path to: C:\ST\STM32CubeIDE_1.14.1\STM32CubeIDE\plugins\com.st.stm32cube.common.mx_6.11.1.202404110753\\db\/mcu/
2024-05-13 17:10:07,176 [INFO] ApiDb:274 - Set plugin database path to: C:\ST\STM32CubeIDE_1.14.1\STM32CubeIDE\plugins\com.st.stm32cube.common.mx_6.11.1.202404110753\\db\/plugins/boardmanager/
2024-05-13 17:10:07,177 [INFO] ApiDb:261 - Set plugin images path to: C:\ST\STM32CubeIDE_1.14.1\STM32CubeIDE\plugins\com.st.stm32cube.common.mx_6.11.1.202404110753\\db\/plugins/mcufinder/images/
2024-05-13 17:10:07,177 [WARN] DbFile:41 - Overriding database path with different value: C:\Users\raphael.baumeler\.stmcufinder\plugins\mcufinder/ => C:\Users\raphael.baumeler\.stmcufinder\plugins\mcufinder
2024-05-13 17:10:07,177 [INFO] ApiDb:250 - Set database path to: C:\Users\raphael.baumeler\.stmcufinder\plugins\mcufinder//mcu/
2024-05-13 17:10:07,177 [WARN] DbFile:41 - Overriding database path with different value: C:\Users\raphael.baumeler\.stmcufinder\plugins\mcufinder/ => C:\Users\raphael.baumeler\.stmcufinder\plugins\mcufinder
2024-05-13 17:10:07,177 [INFO] DbMcusAds:125 - Set database path to: C:\Users\raphael.baumeler\.stmcufinder\plugins\mcufinder//mcu/
2024-05-13 17:10:07,178 [WARN] DbFile:41 - Overriding database path with different value: C:\Users\raphael.baumeler\.stmcufinder\plugins\mcufinder/ => C:\Users\raphael.baumeler\.stmcufinder\plugins\mcufinder
2024-05-13 17:10:07,178 [WARN] DbFile:41 - Overriding database path with different value: C:\Users\raphael.baumeler\.stmcufinder\plugins\mcufinder/ => C:\Users\raphael.baumeler\.stmcufinder\plugins\mcufinder
2024-05-13 17:10:07,178 [INFO] CrossReferenceDbSqlite:203 - Set database path to: C:\Users\raphael.baumeler\.stmcufinder\plugins\mcufinder//mcu/cs/
2024-05-13 17:10:07,288 [INFO] MainPanel:264 - HeapMemory: 268435456
2024-05-13 17:10:07,394 [INFO] DbMcusXml:78 - Set database path to: C:\ST\STM32CubeIDE_1.14.1\STM32CubeIDE\plugins\com.st.stm32cube.common.mx_6.11.1.202404110753\\db\/mcu/
2024-05-13 17:10:07,394 [INFO] ApiDb:274 - Set plugin database path to: C:\ST\STM32CubeIDE_1.14.1\STM32CubeIDE\plugins\com.st.stm32cube.common.mx_6.11.1.202404110753\\db\/plugins/boardmanager/
2024-05-13 17:10:07,394 [INFO] ApiDb:261 - Set plugin images path to: C:\ST\STM32CubeIDE_1.14.1\STM32CubeIDE\plugins\com.st.stm32cube.common.mx_6.11.1.202404110753\\db\/plugins/mcufinder/images/
2024-05-13 17:10:07,394 [WARN] DbFile:41 - Overriding database path with different value: C:\Users\raphael.baumeler\.stmcufinder\plugins\mcufinder/ => C:\Users\raphael.baumeler\.stmcufinder\plugins\mcufinder
2024-05-13 17:10:07,394 [INFO] ApiDb:250 - Set database path to: C:\Users\raphael.baumeler\.stmcufinder\plugins\mcufinder//mcu/
2024-05-13 17:10:07,394 [WARN] DbFile:41 - Overriding database path with different value: C:\Users\raphael.baumeler\.stmcufinder\plugins\mcufinder/ => C:\Users\raphael.baumeler\.stmcufinder\plugins\mcufinder
2024-05-13 17:10:07,394 [INFO] DbMcusAds:125 - Set database path to: C:\Users\raphael.baumeler\.stmcufinder\plugins\mcufinder//mcu/
2024-05-13 17:10:07,394 [WARN] DbFile:41 - Overriding database path with different value: C:\Users\raphael.baumeler\.stmcufinder\plugins\mcufinder/ => C:\Users\raphael.baumeler\.stmcufinder\plugins\mcufinder
2024-05-13 17:10:07,395 [WARN] DbFile:41 - Overriding database path with different value: C:\Users\raphael.baumeler\.stmcufinder\plugins\mcufinder/ => C:\Users\raphael.baumeler\.stmcufinder\plugins\mcufinder
2024-05-13 17:10:07,395 [INFO] CrossReferenceDbSqlite:203 - Set database path to: C:\Users\raphael.baumeler\.stmcufinder\plugins\mcufinder//mcu/cs/
2024-05-13 17:10:07,423 [INFO] ApplicationProperties:184 - Using Application install path: C:\ST\STM32CubeIDE_1.14.1\STM32CubeIDE\plugins\com.st.stm32cube.common.mx_6.11.1.202404110753
2024-05-13 17:10:07,425 [INFO] PluginManage:196 - Search for loadable plugins [exclusion list=, ]
2024-05-13 17:10:07,427 [INFO] PluginManage:310 - Check plugin analytics
2024-05-13 17:10:07,706 [INFO] AnalyticsPlugin:253 - Accepted Software Licenses: 
2024-05-13 17:10:07,706 [INFO] AnalyticsPlugin:255 - Accepted CMSIS Pack Licenses: 
2024-05-13 17:10:07,706 [INFO] AnalyticsPlugin:257 - Accepted Firmware Licenses: FW.G4.1.5.0
2024-05-13 17:10:07,712 [INFO] PluginManage:359 - Loaded plugin analytics (category:tool,tabindex:-1)
2024-05-13 17:10:07,713 [INFO] PluginManage:310 - Check plugin cadmodel
2024-05-13 17:10:07,721 [INFO] CADModel:105 - Init CAD model plugin
2024-05-13 17:10:07,721 [INFO] PluginManage:359 - Loaded plugin cadmodel (category:power,tabindex:5)
2024-05-13 17:10:07,722 [INFO] PluginManage:310 - Check plugin clock
2024-05-13 17:10:07,738 [INFO] PluginManage:359 - Loaded plugin clock (category:base,tabindex:2)
2024-05-13 17:10:07,739 [INFO] PluginManage:310 - Check plugin ddr
2024-05-13 17:10:07,742 [INFO] PluginManage:359 - Loaded plugin ddr (category:tool,tabindex:6)
2024-05-13 17:10:07,742 [INFO] PluginManage:310 - Check plugin filemanager
2024-05-13 17:10:08,080 [INFO] PluginManage:359 - Loaded plugin filemanager (category:base,tabindex:10)
2024-05-13 17:10:08,080 [INFO] PluginManage:310 - Check plugin ipmanager
2024-05-13 17:10:08,105 [INFO] PluginManage:359 - Loaded plugin ipmanager (category:base,tabindex:5)
2024-05-13 17:10:08,107 [INFO] PluginManage:310 - Check plugin lpbam
2024-05-13 17:10:08,126 [INFO] PluginManage:359 - Loaded plugin lpbam (category:base,tabindex:0)
2024-05-13 17:10:08,126 [INFO] PluginManage:310 - Check plugin memorymap
2024-05-13 17:10:08,155 [INFO] PluginManage:359 - Loaded plugin memorymap (category:base,tabindex:4)
2024-05-13 17:10:08,155 [INFO] PluginManage:310 - Check plugin pinoutandconfiguration
2024-05-13 17:10:08,172 [INFO] PluginManage:359 - Loaded plugin pinoutandconfiguration (category:base,tabindex:1)
2024-05-13 17:10:08,172 [INFO] PluginManage:310 - Check plugin pinoutconfig
2024-05-13 17:10:08,334 [WARN] SupportedApi:132 - Cannot load RTOS API schema: s4s-elt-must-match.1: The content of 'definitions' must match (annotation?, (simpleType | complexType)?, (unique | key | keyref)*)). A problem was found starting at: attribute.
2024-05-13 17:10:08,514 [INFO] PluginManage:359 - Loaded plugin pinoutconfig (category:base,tabindex:0)
2024-05-13 17:10:08,514 [INFO] PluginManage:310 - Check plugin power
2024-05-13 17:10:08,525 [INFO] PluginManage:359 - Loaded plugin power (category:power,tabindex:4)
2024-05-13 17:10:08,525 [INFO] PluginManage:310 - Check plugin projectmanager
2024-05-13 17:10:08,548 [INFO] PluginManage:359 - Loaded plugin projectmanager (category:projectmanager,tabindex:3)
2024-05-13 17:10:08,549 [INFO] PluginManage:310 - Check plugin thirdparty
2024-05-13 17:10:08,708 [INFO] PluginManage:359 - Loaded plugin thirdparty (category:base,tabindex:-1)
2024-05-13 17:10:08,708 [INFO] PluginManage:310 - Check plugin tools
2024-05-13 17:10:08,708 [WARN] IntegrityCheckThread:84 - waiting for thirdparty lock release [integrity check]
2024-05-13 17:10:08,708 [INFO] IntegrityCheckThread:86 - entering critical section [integrity check]
2024-05-13 17:10:08,709 [INFO] ThirdPartyUpdaterWithRetryManager:70 - Updater plugin not ready yet. [1/15]
2024-05-13 17:10:08,711 [INFO] PluginManage:359 - Loaded plugin tools (category:base,tabindex:7)
2024-05-13 17:10:08,711 [INFO] PluginManage:310 - Check plugin tutovideos
2024-05-13 17:10:08,930 [INFO] PluginManage:359 - Loaded plugin tutovideos (category:base,tabindex:-1)
2024-05-13 17:10:08,930 [INFO] PluginManage:310 - Check plugin updater
2024-05-13 17:10:08,943 [INFO] PluginManage:359 - Loaded plugin updater (category:base,tabindex:12)
2024-05-13 17:10:08,944 [INFO] PluginManage:310 - Check plugin userauth
2024-05-13 17:10:08,950 [INFO] UserAuth:114 - Init User Auth plugin
2024-05-13 17:10:08,951 [INFO] PluginManage:359 - Loaded plugin userauth (category:base,tabindex:14)
2024-05-13 17:10:08,951 [INFO] PluginManage:283 - PluginManage : Loaded plugins [17]
2024-05-13 17:10:09,217 [INFO] PinOutPanel:1561 - setPackage(No Configuration,No Configuration)
2024-05-13 17:10:09,317 [INFO] CADModel:165 - CPN selected for project level
2024-05-13 17:10:09,317 [INFO] CADModel:114 - Register for checkConnection events
2024-05-13 17:10:09,336 [INFO] IPUIPlugin:80 - create IPUIPlugin
2024-05-13 17:10:09,337 [INFO] PluginManager:220 - loadIPPluginJar : add adc
2024-05-13 17:10:09,340 [INFO] IPUIPlugin:80 - create IPUIPlugin
2024-05-13 17:10:09,340 [INFO] PluginManager:220 - loadIPPluginJar : add aes
2024-05-13 17:10:09,343 [INFO] IPUIPlugin:80 - create IPUIPlugin
2024-05-13 17:10:09,344 [INFO] PluginManager:220 - loadIPPluginJar : add can
2024-05-13 17:10:09,345 [INFO] IPUIPlugin:80 - create IPUIPlugin
2024-05-13 17:10:09,345 [INFO] PluginManager:220 - loadIPPluginJar : add comp
2024-05-13 17:10:09,348 [INFO] IPUIPlugin:80 - create IPUIPlugin
2024-05-13 17:10:09,348 [INFO] PluginManager:220 - loadIPPluginJar : add cryp
2024-05-13 17:10:09,352 [INFO] IPUIPlugin:80 - create IPUIPlugin
2024-05-13 17:10:09,352 [INFO] PluginManager:220 - loadIPPluginJar : add dfsdm
2024-05-13 17:10:09,359 [INFO] IPUIPlugin:80 - create IPUIPlugin
2024-05-13 17:10:09,359 [INFO] PluginManager:220 - loadIPPluginJar : add dma
2024-05-13 17:10:09,364 [INFO] IPUIPlugin:80 - create IPUIPlugin
2024-05-13 17:10:09,364 [INFO] PluginManager:220 - loadIPPluginJar : add dma3
2024-05-13 17:10:09,367 [INFO] IPUIPlugin:80 - create IPUIPlugin
2024-05-13 17:10:09,367 [INFO] PluginManager:220 - loadIPPluginJar : add extmemmanager
2024-05-13 17:10:09,370 [INFO] IPUIPlugin:80 - create IPUIPlugin
2024-05-13 17:10:09,370 [INFO] PluginManager:220 - loadIPPluginJar : add fatfs
2024-05-13 17:10:09,377 [INFO] IPUIPlugin:80 - create IPUIPlugin
2024-05-13 17:10:09,377 [INFO] PluginManager:220 - loadIPPluginJar : add fmc
2024-05-13 17:10:09,384 [INFO] IPUIPlugin:80 - create IPUIPlugin
2024-05-13 17:10:09,385 [INFO] PluginManager:220 - loadIPPluginJar : add freertos
2024-05-13 17:10:09,387 [INFO] IPUIPlugin:80 - create IPUIPlugin
2024-05-13 17:10:09,387 [INFO] PluginManager:220 - loadIPPluginJar : add genericplugin
2024-05-13 17:10:09,389 [INFO] IPUIPlugin:80 - create IPUIPlugin
2024-05-13 17:10:09,389 [INFO] PluginManager:220 - loadIPPluginJar : add gfxmmu
2024-05-13 17:10:09,395 [INFO] IPUIPlugin:80 - create IPUIPlugin
2024-05-13 17:10:09,395 [INFO] PluginManager:220 - loadIPPluginJar : add gic
2024-05-13 17:10:09,401 [INFO] IPUIPlugin:80 - create IPUIPlugin
2024-05-13 17:10:09,402 [INFO] PluginManager:220 - loadIPPluginJar : add gpio
2024-05-13 17:10:09,404 [INFO] IPUIPlugin:80 - create IPUIPlugin
2024-05-13 17:10:09,404 [INFO] PluginManager:220 - loadIPPluginJar : add gtzc
2024-05-13 17:10:09,407 [INFO] IPUIPlugin:80 - create IPUIPlugin
2024-05-13 17:10:09,407 [INFO] PluginManager:220 - loadIPPluginJar : add hash
2024-05-13 17:10:09,410 [INFO] IPUIPlugin:80 - create IPUIPlugin
2024-05-13 17:10:09,410 [INFO] PluginManager:220 - loadIPPluginJar : add i2c
2024-05-13 17:10:09,413 [INFO] IPUIPlugin:80 - create IPUIPlugin
2024-05-13 17:10:09,413 [INFO] PluginManager:220 - loadIPPluginJar : add i2s
2024-05-13 17:10:09,416 [INFO] IPUIPlugin:80 - create IPUIPlugin
2024-05-13 17:10:09,416 [INFO] PluginManager:220 - loadIPPluginJar : add i3c
2024-05-13 17:10:09,421 [INFO] IPUIPlugin:80 - create IPUIPlugin
2024-05-13 17:10:09,421 [INFO] PluginManager:220 - loadIPPluginJar : add ipddr
2024-05-13 17:10:09,429 [INFO] IPUIPlugin:80 - create IPUIPlugin
2024-05-13 17:10:09,429 [INFO] PluginManager:220 - loadIPPluginJar : add linkedlist
2024-05-13 17:10:09,432 [INFO] IPUIPlugin:80 - create IPUIPlugin
2024-05-13 17:10:09,432 [INFO] PluginManager:220 - loadIPPluginJar : add lorawan
2024-05-13 17:10:09,434 [INFO] IPUIPlugin:80 - create IPUIPlugin
2024-05-13 17:10:09,434 [INFO] PluginManager:220 - loadIPPluginJar : add ltdc
2024-05-13 17:10:09,441 [INFO] IPUIPlugin:80 - create IPUIPlugin
2024-05-13 17:10:09,441 [INFO] PluginManager:220 - loadIPPluginJar : add mdma
2024-05-13 17:10:09,445 [INFO] IPUIPlugin:80 - create IPUIPlugin
2024-05-13 17:10:09,445 [INFO] PluginManager:220 - loadIPPluginJar : add nvic
2024-05-13 17:10:09,448 [INFO] IPUIPlugin:80 - create IPUIPlugin
2024-05-13 17:10:09,449 [INFO] PluginManager:220 - loadIPPluginJar : add opamp
2024-05-13 17:10:09,452 [INFO] IPUIPlugin:80 - create IPUIPlugin
2024-05-13 17:10:09,452 [INFO] PluginManager:220 - loadIPPluginJar : add openamp
2024-05-13 17:10:09,456 [INFO] IPUIPlugin:80 - create IPUIPlugin
2024-05-13 17:10:09,456 [INFO] PluginManager:220 - loadIPPluginJar : add pdm2pcm
2024-05-13 17:10:09,463 [INFO] IPUIPlugin:80 - create IPUIPlugin
2024-05-13 17:10:09,466 [INFO] PluginManager:220 - loadIPPluginJar : add plateformsettings
2024-05-13 17:10:09,468 [INFO] IPUIPlugin:80 - create IPUIPlugin
2024-05-13 17:10:09,468 [INFO] PluginManager:220 - loadIPPluginJar : add quadspi
2024-05-13 17:10:09,472 [INFO] IPUIPlugin:80 - create IPUIPlugin
2024-05-13 17:10:09,472 [INFO] PluginManager:220 - loadIPPluginJar : add resmgrutility
2024-05-13 17:10:09,475 [INFO] IPUIPlugin:80 - create IPUIPlugin
2024-05-13 17:10:09,475 [INFO] PluginManager:220 - loadIPPluginJar : add sai
2024-05-13 17:10:09,479 [INFO] IPUIPlugin:80 - create IPUIPlugin
2024-05-13 17:10:09,479 [INFO] PluginManager:220 - loadIPPluginJar : add spi
2024-05-13 17:10:09,485 [INFO] IPUIPlugin:80 - create IPUIPlugin
2024-05-13 17:10:09,485 [INFO] PluginManager:220 - loadIPPluginJar : add stm32_wpan
2024-05-13 17:10:09,487 [INFO] IPUIPlugin:80 - create IPUIPlugin
2024-05-13 17:10:09,487 [INFO] PluginManager:220 - loadIPPluginJar : add tim
2024-05-13 17:10:09,490 [INFO] IPUIPlugin:80 - create IPUIPlugin
2024-05-13 17:10:09,490 [INFO] PluginManager:220 - loadIPPluginJar : add touchsensing
2024-05-13 17:10:09,493 [INFO] IPUIPlugin:80 - create IPUIPlugin
2024-05-13 17:10:09,493 [INFO] PluginManager:220 - loadIPPluginJar : add tracer_emb
2024-05-13 17:10:09,495 [INFO] IPUIPlugin:80 - create IPUIPlugin
2024-05-13 17:10:09,495 [INFO] PluginManager:220 - loadIPPluginJar : add ts
2024-05-13 17:10:09,496 [INFO] IPUIPlugin:80 - create IPUIPlugin
2024-05-13 17:10:09,496 [INFO] PluginManager:220 - loadIPPluginJar : add tsc
2024-05-13 17:10:09,498 [INFO] IPUIPlugin:80 - create IPUIPlugin
2024-05-13 17:10:09,498 [INFO] PluginManager:220 - loadIPPluginJar : add ucpd
2024-05-13 17:10:09,501 [INFO] IPUIPlugin:80 - create IPUIPlugin
2024-05-13 17:10:09,501 [INFO] PluginManager:220 - loadIPPluginJar : add usart
2024-05-13 17:10:09,505 [INFO] IPUIPlugin:80 - create IPUIPlugin
2024-05-13 17:10:09,505 [INFO] PluginManager:220 - loadIPPluginJar : add usbx
2024-05-13 17:10:09,654 [INFO] CADModel:165 - CPN selected for project level
2024-05-13 17:10:09,654 [INFO] CADModel:114 - Register for checkConnection events
2024-05-13 17:10:09,654 [FATAL] Updater:308 - Updater called before beeing initialized
2024-05-13 17:10:09,655 [ERROR] CADModel:125 - Updater not yet initialized, retry later 
2024-05-13 17:10:09,793 [INFO] CADModel:165 - CPN selected for project level
2024-05-13 17:10:09,793 [INFO] CADModel:114 - Register for checkConnection events
2024-05-13 17:10:09,793 [FATAL] Updater:308 - Updater called before beeing initialized
2024-05-13 17:10:09,793 [ERROR] CADModel:125 - Updater not yet initialized, retry later 
2024-05-13 17:10:09,796 [FATAL] Updater:308 - Updater called before beeing initialized
2024-05-13 17:10:09,923 [FATAL] Updater:308 - Updater called before beeing initialized
2024-05-13 17:10:09,928 [INFO] DbMcusAds:53 - JSON generation date=Thu May 02 10:37:29 CEST 2024 (1714639049318)
2024-05-13 17:10:09,928 [FATAL] Updater:308 - Updater called before beeing initialized
2024-05-13 17:10:09,973 [WARN] DetailPanel:346 - Failed to get advertising image, set to default
2024-05-13 17:10:10,098 [FATAL] Updater:308 - Updater called before beeing initialized
2024-05-13 17:10:10,100 [FATAL] Updater:308 - Updater called before beeing initialized
2024-05-13 17:10:10,100 [FATAL] Updater:308 - Updater called before beeing initialized
2024-05-13 17:10:10,100 [WARN] DetailPanel:346 - Failed to get advertising image, set to default
2024-05-13 17:10:10,101 [FATAL] Updater:308 - Updater called before beeing initialized
2024-05-13 17:10:10,153 [ERROR] Updater:1120 - MainUpdater not yet initialized. External WinMGr cannot be set.
2024-05-13 17:10:10,155 [INFO] Updater:1056 - Updater Version found : 6.11.1
2024-05-13 17:10:10,175 [INFO] ApplicationProperties:184 - Using Application install path: C:\ST\STM32CubeIDE_1.14.1\STM32CubeIDE\plugins\com.st.stm32cube.common.mx_6.11.1.202404110753
2024-05-13 17:10:10,228 [INFO] MainUpdater:526 - Copy updater definitions from MX database
2024-05-13 17:10:10,582 [INFO] MainUpdater:2873 - connection check result : 10
2024-05-13 17:10:10,583 [INFO] MainUpdater:3567 - Updater definition file requires update
2024-05-13 17:10:10,585 [INFO] MainUpdater:290 - Updater Check For Update Now.
2024-05-13 17:10:10,585 [INFO] MicroXplorer:498 - Change Database Version : DB.6.0.111
2024-05-13 17:10:10,599 [INFO] McuFinderGlobals:63 - Set McuFinder mode to 2 (CubeIDE integrated)
2024-05-13 17:10:10,606 [INFO] UserAuth:415 - Internet connection configuration mode: 1
2024-05-13 17:10:10,621 [INFO] JxBrowserEngine:152 - Initiate JxBrowser Engine with user profile folder
2024-05-13 17:10:10,703 [INFO] ServerAccessManage:473 - Download File updaters.zip
2024-05-13 17:10:10,829 [INFO] FileExtend:240 - Unzip File : updaters.zip
2024-05-13 17:10:10,830 [INFO] FileExtend:255 - Standard Zip Deflate
2024-05-13 17:10:11,581 [INFO] ServerAccessManage:473 - Download File PacksControlFlags.xml
2024-05-13 17:10:11,709 [INFO] ServerAccessManage:473 - Download File cubemx.pidx
2024-05-13 17:10:11,717 [WARN] MainUpdater:1194 - Updater busy. Cannot search thirdparties
2024-05-13 17:10:11,720 [INFO] ThirdPartyUpdaterWithRetryManager:96 - Updater plugin is busy. [1/15]
2024-05-13 17:10:11,997 [INFO] LoadServerUpdatesThread:375 - End of LoadServerUpdate Thread
2024-05-13 17:10:12,370 [INFO] CheckServerUpdateThread:120 - End of CheckServer Thread
2024-05-13 17:10:15,275 [WARN] PackLoader:240 - Cannot read IP mode file for STMicroelectronics.FP-SNS-MOTENVWB1.1.4.0
2024-05-13 17:10:15,311 [WARN] PackLoader:240 - Cannot read IP mode file for STMicroelectronics.X-CUBE-SMBUS.2.1.0
2024-05-13 17:10:15,323 [WARN] PackLoader:240 - Cannot read IP mode file for STMicroelectronics.X-CUBE-TOUCHGFX.4.23.0
2024-05-13 17:10:15,329 [WARN] PackLoader:240 - Cannot read IP mode file for STMicroelectronics.X-CUBE-TOUCHGFX.4.23.2
2024-05-13 17:10:15,438 [WARN] PackLoader:240 - Cannot read IP mode file for STMicroelectronics.X-CUBE-AZRTOS-F7.1.1.0
2024-05-13 17:10:15,485 [WARN] PackLoader:240 - Cannot read IP mode file for STMicroelectronics.FP-SNS-MOTENV1.4.3.2
2024-05-13 17:10:15,542 [WARN] PackLoader:240 - Cannot read IP mode file for STMicroelectronics.X-CUBE-BLE1.6.2.3
2024-05-13 17:10:15,577 [WARN] PackLoader:240 - Cannot read IP mode file for STMicroelectronics.X-CUBE-BLE1.6.2.4
2024-05-13 17:10:15,592 [WARN] PackLoader:240 - Cannot read IP mode file for STMicroelectronics.FP-SNS-FLIGHT1.5.0.2
2024-05-13 17:10:15,654 [WARN] PackLoader:240 - Cannot read IP mode file for STMicroelectronics.X-CUBE-TOF1.3.1.0
2024-05-13 17:10:15,725 [WARN] PackLoader:240 - Cannot read IP mode file for STMicroelectronics.X-CUBE-DISPLAY.3.0.0
2024-05-13 17:10:15,783 [WARN] PackLoader:240 - Cannot read IP mode file for STMicroelectronics.X-CUBE-BLE1.7.0.0
2024-05-13 17:10:15,985 [WARN] PackLoader:240 - Cannot read IP mode file for STMicroelectronics.X-CUBE-MEMS1.9.3.0
2024-05-13 17:10:17,320 [WARN] PackLoader:240 - Cannot read IP mode file for STMicroelectronics.X-CUBE-AI.7.2.0
2024-05-13 17:10:17,357 [WARN] PackLoader:240 - Cannot read IP mode file for STMicroelectronics.X-CUBE-BLEMGR.3.1.0
2024-05-13 17:10:17,393 [WARN] PackLoader:240 - Cannot read IP mode file for STMicroelectronics.FP-SNS-SMARTAG2.1.2.0
2024-05-13 17:10:17,452 [INFO] LogOutputStream:77 - [STDOUT_REDIRECT] 1 : Invalid condition id : UX_CORESTACK_Condition cause : null
2024-05-13 17:10:17,453 [INFO] LogOutputStream:77 - [STDOUT_REDIRECT] 1 : Invalid condition id : UX_CORESTACK_Condition cause : null
2024-05-13 17:10:17,457 [INFO] LogOutputStream:77 - [STDOUT_REDIRECT] 1 : Invalid condition id : UX_CORESTACK_Condition cause : null
2024-05-13 17:10:17,460 [INFO] LogOutputStream:77 - [STDOUT_REDIRECT] 1 : Invalid condition id : UX_CORESTACK_Condition cause : null
2024-05-13 17:10:17,465 [INFO] LogOutputStream:77 - [STDOUT_REDIRECT] 1 : Invalid condition id : UX_CORESTACK_Condition cause : null
2024-05-13 17:10:17,473 [WARN] PackLoader:240 - Cannot read IP mode file for STMicroelectronics.X-CUBE-AZRTOS-WL.2.0.0
2024-05-13 17:10:17,486 [WARN] PackLoader:240 - Cannot read IP mode file for STMicroelectronics.FP-SNS-MOTENV1.5.0.0
2024-05-13 17:10:17,507 [WARN] PackLoader:240 - Cannot read IP mode file for WES.I-CUBE-Cesium.1.3.0
2024-05-13 17:10:17,525 [WARN] PackLoader:240 - Cannot read IP mode file for STMicroelectronics.X-CUBE-BLE2.3.3.0
2024-05-13 17:10:17,538 [WARN] PackLoader:240 - Cannot read IP mode file for STMicroelectronics.X-CUBE-DISPLAY.2.2.0
2024-05-13 17:10:17,574 [WARN] PackLoader:240 - Cannot read IP mode file for STMicroelectronics.X-CUBE-TOF1.3.2.0
2024-05-13 17:10:17,601 [WARN] PackLoader:240 - Cannot read IP mode file for STMicroelectronics.X-CUBE-ISPU.1.0.0
2024-05-13 17:10:17,646 [WARN] PackLoader:240 - Cannot read IP mode file for STMicroelectronics.X-CUBE-AZRTOS-H7.2.1.0
2024-05-13 17:10:17,665 [WARN] PackLoader:240 - Cannot read IP mode file for STMicroelectronics.X-CUBE-TCPP.4.1.0
2024-05-13 17:10:17,675 [WARN] PackLoader:240 - Cannot read IP mode file for STMicroelectronics.X-CUBE-TOUCHGFX.4.21.1
2024-05-13 17:10:17,680 [WARN] PackLoader:240 - Cannot read IP mode file for STMicroelectronics.X-CUBE-TOUCHGFX.4.21.0
2024-05-13 17:10:17,797 [WARN] PackLoader:240 - Cannot read IP mode file for STMicroelectronics.X-CUBE-MEMS1.9.4.0
2024-05-13 17:10:18,441 [WARN] PackLoader:240 - Cannot read IP mode file for STMicroelectronics.X-CUBE-AI.7.3.0
2024-05-13 17:10:18,457 [WARN] PackLoader:240 - Cannot read IP mode file for STMicroelectronics.X-CUBE-ALGOBUILD.1.3.0
2024-05-13 17:10:18,492 [WARN] PackLoader:240 - Cannot read IP mode file for STMicroelectronics.X-CUBE-AZRTOS-G0.1.1.0
2024-05-13 17:10:18,511 [WARN] PackLoader:240 - Cannot read IP mode file for STMicroelectronics.X-CUBE-SAFEA1.1.2.2
2024-05-13 17:10:18,523 [WARN] PackLoader:240 - Cannot read IP mode file for STMicroelectronics.X-CUBE-NFC4.3.0.0
2024-05-13 17:10:18,610 [WARN] PackLoader:240 - Cannot read IP mode file for SEGGER.I-CUBE-embOS.1.2.0
2024-05-13 17:10:18,714 [WARN] PackLoader:240 - Cannot read IP mode file for STMicroelectronics.X-CUBE-BLEMGR.1.3.0
2024-05-13 17:10:18,725 [WARN] PackLoader:240 - Cannot read IP mode file for STMicroelectronics.FP-ATR-SIGFOX1.3.2.0
2024-05-13 17:10:18,740 [WARN] PackLoader:240 - Cannot read IP mode file for STMicroelectronics.X-CUBE-EEPRMA1.5.1.0
2024-05-13 17:10:18,760 [WARN] PackLoader:240 - Cannot read IP mode file for emotas.I-CUBE-CANOPEN.1.1.2
2024-05-13 17:10:18,772 [WARN] PackLoader:240 - Cannot read IP mode file for STMicroelectronics.X-CUBE-TOUCHGFX.4.20.0
2024-05-13 17:10:18,858 [WARN] PackLoader:240 - Cannot read IP mode file for SEGGER.I-CUBE-embOS.1.3.1
2024-05-13 17:10:18,979 [WARN] PackLoader:240 - Cannot read IP mode file for STMicroelectronics.X-CUBE-ALGOBUILD.1.4.0
2024-05-13 17:10:18,991 [WARN] PackLoader:240 - Cannot read IP mode file for STMicroelectronics.X-CUBE-GNSS1.6.0.0
2024-05-13 17:10:19,035 [WARN] PackLoader:240 - Cannot read IP mode file for STMicroelectronics.X-CUBE-AZRTOS-F4.1.1.0
2024-05-13 17:10:19,051 [WARN] PackLoader:240 - Cannot read IP mode file for STMicroelectronics.X-CUBE-FREERTOS.1.2.0
2024-05-13 17:10:19,092 [WARN] PackLoader:240 - Cannot read IP mode file for STMicroelectronics.X-CUBE-AZRTOS-L5.2.0.0
2024-05-13 17:10:19,114 [WARN] PackLoader:240 - Cannot read IP mode file for STMicroelectronics.X-CUBE-NFC6.3.1.0
2024-05-13 17:10:19,134 [WARN] PackLoader:240 - Cannot read IP mode file for ITTIA_DB.I-CUBE-ITTIADB.8.8.0
2024-05-13 17:10:19,145 [WARN] PackLoader:240 - Cannot read IP mode file for STMicroelectronics.X-CUBE-NFC4.2.0.5
2024-05-13 17:10:19,159 [WARN] PackLoader:240 - Cannot read IP mode file for STMicroelectronics.X-CUBE-NFC4.2.0.4
2024-05-13 17:10:19,174 [WARN] PackLoader:240 - Cannot read IP mode file for STMicroelectronics.X-CUBE-AI.9.0.0
2024-05-13 17:10:19,185 [WARN] PackLoader:240 - Cannot read IP mode file for wolfSSL.I-CUBE-wolfSSL.5.5.0
2024-05-13 17:10:19,204 [WARN] PackLoader:240 - Cannot read IP mode file for STMicroelectronics.X-CUBE-NFC7.1.0.1
2024-05-13 17:10:19,220 [WARN] PackLoader:240 - Cannot read IP mode file for STMicroelectronics.X-CUBE-NFC7.1.0.0
2024-05-13 17:10:19,235 [WARN] PackLoader:240 - Cannot read IP mode file for STMicroelectronics.X-CUBE-NFC6.3.0.0
2024-05-13 17:10:19,248 [WARN] PackLoader:240 - Cannot read IP mode file for STMicroelectronics.X-CUBE-EEPRMA1.4.1.0
2024-05-13 17:10:19,256 [WARN] PackLoader:240 - Cannot read IP mode file for STMicroelectronics.X-CUBE-AI.8.1.0
2024-05-13 17:10:19,302 [WARN] ConditionMgr:438 - getConditionDescription Invalid condition id : LAN8742 Phy interface Condition cause : null
2024-05-13 17:10:19,303 [WARN] PackLoader:240 - Cannot read IP mode file for STMicroelectronics.X-CUBE-AZRTOS-L4.2.0.0
2024-05-13 17:10:19,306 [WARN] ConditionMgr:1039 - genDependencies : Invalid condition id : LAN8742 Phy interface Condition cause : null
2024-05-13 17:10:19,307 [WARN] ConditionMgr:1039 - genDependencies : Invalid condition id : LAN8742 Phy interface Condition cause : null
2024-05-13 17:10:19,308 [WARN] ConditionMgr:1039 - genDependencies : Invalid condition id : LAN8742 Phy interface Condition cause : null
2024-05-13 17:10:19,324 [WARN] PackLoader:240 - Cannot read IP mode file for STMicroelectronics.X-CUBE-SFXS2LP1.4.0.0
2024-05-13 17:10:19,372 [WARN] PackLoader:240 - Cannot read IP mode file for STMicroelectronics.X-CUBE-AZRTOS-H7.3.0.0
2024-05-13 17:10:19,384 [WARN] PackLoader:240 - Cannot read IP mode file for STMicroelectronics.X-CUBE-ISPU.1.1.0
2024-05-13 17:10:19,399 [WARN] PackLoader:240 - Cannot read IP mode file for RoweBots.I-CUBE-UNISONRTOS.5.5.0-4
2024-05-13 17:10:19,430 [WARN] ConditionMgr:438 - getConditionDescription Invalid condition id : UX DEVICE CLASS RTOS Condition cause : null
2024-05-13 17:10:19,430 [WARN] ConditionMgr:438 - getConditionDescription Invalid condition id : UX DEVICE CLASS RTOS Condition cause : null
2024-05-13 17:10:19,435 [WARN] PackLoader:240 - Cannot read IP mode file for STMicroelectronics.X-CUBE-AZRTOS-WB.2.0.0
2024-05-13 17:10:19,436 [WARN] ConditionMgr:1039 - genDependencies : Invalid condition id : UX DEVICE CLASS RTOS Condition cause : null
2024-05-13 17:10:19,437 [WARN] ConditionMgr:1039 - genDependencies : Invalid condition id : UX DEVICE CLASS RTOS Condition cause : null
2024-05-13 17:10:19,438 [WARN] ConditionMgr:1039 - genDependencies : Invalid condition id : UX DEVICE CLASS RTOS Condition cause : null
2024-05-13 17:10:19,438 [WARN] ConditionMgr:1039 - genDependencies : Invalid condition id : UX DEVICE CLASS RTOS Condition cause : null
2024-05-13 17:10:19,439 [WARN] ConditionMgr:1039 - genDependencies : Invalid condition id : UX DEVICE CLASS RTOS Condition cause : null
2024-05-13 17:10:19,452 [WARN] PackLoader:240 - Cannot read IP mode file for STMicroelectronics.X-CUBE-BLEMGR.1.0.0
2024-05-13 17:10:19,485 [WARN] PackLoader:240 - Cannot read IP mode file for STMicroelectronics.X-CUBE-AZRTOS-L5.1.1.0
2024-05-13 17:10:19,518 [WARN] PackLoader:240 - Cannot read IP mode file for STMicroelectronics.X-CUBE-SUBG2.5.0.0
2024-05-13 17:10:19,561 [WARN] PackLoader:240 - Cannot read IP mode file for STMicroelectronics.X-CUBE-AZRTOS-G4.2.0.0
2024-05-13 17:10:19,572 [WARN] PackLoader:240 - Cannot read IP mode file for STMicroelectronics.FP-ATR-ASTRA1.1.1.1
2024-05-13 17:10:19,604 [WARN] PackLoader:240 - Cannot read IP mode file for Infineon.AIROC-Wi-Fi-Bluetooth-STM32.1.5.1
2024-05-13 17:10:19,622 [WARN] PackLoader:240 - Cannot read IP mode file for STMicroelectronics.FP-SNS-MOTENVWB1.1.3.1
2024-05-13 17:10:19,653 [WARN] PackLoader:240 - Cannot read IP mode file for STMicroelectronics.X-CUBE-AZRTOS-G4.1.0.0
2024-05-13 17:10:19,693 [WARN] PackLoader:240 - Cannot read IP mode file for STMicroelectronics.X-CUBE-AZRTOS-L4.1.0.0
2024-05-13 17:10:19,706 [WARN] PackLoader:240 - Cannot read IP mode file for STMicroelectronics.X-CUBE-ISPU.2.0.0
2024-05-13 17:10:19,793 [WARN] PackLoader:240 - Cannot read IP mode file for STMicroelectronics.X-CUBE-MEMS1.10.0.0
2024-05-13 17:10:20,090 [WARN] PackLoader:240 - Cannot read IP mode file for STMicroelectronics.X-CUBE-FREERTOS.1.1.0
2024-05-13 17:10:20,111 [WARN] PackLoader:240 - Cannot read IP mode file for STMicroelectronics.X-CUBE-AZRTOS-WL.1.0.0
2024-05-13 17:10:20,125 [WARN] PackLoader:240 - Cannot read IP mode file for portGmbH.I-Cube-SoM-uGOAL.1.1.0
2024-05-13 17:10:20,133 [WARN] PackLoader:240 - Cannot read IP mode file for STMicroelectronics.X-CUBE-ALS.1.0.1
2024-05-13 17:10:20,158 [WARN] PackLoader:240 - Cannot read IP mode file for STMicroelectronics.X-CUBE-AZRTOS-WB.1.1.0
2024-05-13 17:10:20,194 [WARN] PackLoader:240 - Cannot read IP mode file for STMicroelectronics.X-CUBE-AZRTOS-L5.1.0.0
2024-05-13 17:10:20,206 [WARN] PackLoader:240 - Cannot read IP mode file for STMicroelectronics.X-CUBE-EEPRMA1.3.1.1
2024-05-13 17:10:20,246 [WARN] PackLoader:240 - Cannot read IP mode file for STMicroelectronics.X-CUBE-AZRTOS-H7RS.1.0.0
2024-05-13 17:10:20,256 [WARN] PackLoader:240 - Cannot read IP mode file for STMicroelectronics.FP-ATR-ASTRA1.2.0.0
2024-05-13 17:10:20,276 [WARN] PackLoader:240 - Cannot read IP mode file for STMicroelectronics.X-CUBE-TOF1.3.4.1
2024-05-13 17:10:20,347 [WARN] PackLoader:240 - Cannot read IP mode file for STMicroelectronics.X-CUBE-AZRTOS-H7.3.2.0
2024-05-13 17:10:20,354 [INFO] ThirdParty:978 - Integrity check success = true
2024-05-13 17:10:20,354 [INFO] IntegrityCheckThread:100 - exiting critical section [integrity check]
2024-05-13 17:10:20,354 [INFO] IntegrityCheckThread:103 - End integrity checks thread
2024-05-13 17:10:28,145 [INFO] WebApp:161 - Instantiating new browser for Auth
2024-05-13 17:10:29,535 [INFO] WebApp:779 - Register for checkConnection events
2024-05-13 17:10:29,535 [INFO] WebApp:414 - Apply proxy settings
2024-05-13 17:10:29,535 [INFO] WebApp:499 - Chromium requires no authentication
2024-05-13 17:10:29,551 [INFO] WebApp:442 - Direct internet connection detected
2024-05-13 17:10:30,000 [INFO] WebApp:192 - Starting web application
2024-05-13 17:10:30,000 [INFO] WebApp:544 - Web application path used C:\ST\STM32CubeIDE_1.14.1\STM32CubeIDE\plugins\com.st.stm32cube.common.mx_6.11.1.202404110753\db\plugins\mcufinder\reactClient1\index.html
2024-05-13 17:52:00,933 [ERROR] LogOutputStream:75 - [STDERR_REDIRECT] 
